<?xml version="1.0" encoding="utf-8" standalone="no"?>
<test-run id="2" testcasecount="5" result="Failed" total="5" passed="3" failed="2" inconclusive="0" skipped="0" asserts="3" engine-version="3.6.1.0" clr-version="4.0.30319.42000" start-time="2017-05-06 15:20:05Z" end-time="2017-05-06 15:20:06Z" duration="0.934102">
  <command-line><![CDATA["C:\workspace\msil\irc.fsharp\packages\tests\NUnit.ConsoleRunner\tools\nunit3-console.exe" "--noheader" "--timeout=600000" "--work=tests/Irc.FSharp.Tests" "C:\workspace\msil\irc.fsharp\tests\bin\Release\Irc.FSharp.Tests.dll" ]]></command-line>
  <test-suite type="Assembly" id="0-1008" name="Irc.FSharp.Tests.dll" fullname="C:\workspace\msil\irc.fsharp\tests\bin\Release\Irc.FSharp.Tests.dll" runstate="Runnable" testcasecount="5" result="Failed" site="Child" start-time="2017-05-06 15:20:06Z" end-time="2017-05-06 15:20:06Z" duration="0.131391" total="5" passed="3" failed="2" warnings="0" inconclusive="0" skipped="0" asserts="3">
    <environment framework-version="3.6.1.0" clr-version="4.0.30319.42000" os-version="Microsoft Windows NT 10.0.14393.0" platform="Win32NT" cwd="C:\workspace\msil\irc.fsharp\tests\Irc.FSharp.Tests" machine-name="DESKTOP-U2H9QCM" user="Ganesha" user-domain="DESKTOP-U2H9QCM" culture="en-US" uiculture="en-US" os-architecture="x64" />
    <settings>
      <setting name="DisposeRunners" value="True" />
      <setting name="DefaultTimeout" value="600000" />
      <setting name="WorkDirectory" value="tests/Irc.FSharp.Tests" />
      <setting name="ImageRuntimeVersion" value="4.0.30319" />
      <setting name="ImageTargetFrameworkName" value=".NETFramework,Version=v4.6" />
      <setting name="ImageRequiresX86" value="False" />
      <setting name="ImageRequiresDefaultAppDomainAssemblyResolver" value="False" />
      <setting name="NumberOfTestWorkers" value="4" />
    </settings>
    <properties>
      <property name="_PID" value="10476" />
      <property name="_APPDOMAIN" value="domain-" />
    </properties>
    <failure>
      <message><![CDATA[One or more child tests had errors]]></message>
    </failure>
    <test-suite type="SetUpFixture" id="0-1007" name="FsUnit" fullname="FsUnit.TopLevelOperators+FSharpCustomMessageFormatter" classname="FsUnit.TopLevelOperators+FSharpCustomMessageFormatter" runstate="Runnable" testcasecount="0" result="Passed" start-time="2017-05-06 15:20:06Z" end-time="2017-05-06 15:20:06Z" duration="0.001697" total="0" passed="0" failed="0" warnings="0" inconclusive="0" skipped="0" asserts="0" />
    <test-suite type="TestSuite" id="0-1009" name="Irc" fullname="Irc" runstate="Runnable" testcasecount="5" result="Failed" site="Child" start-time="2017-05-06 15:20:06Z" end-time="2017-05-06 15:20:06Z" duration="0.111801" total="5" passed="3" failed="2" warnings="0" inconclusive="0" skipped="0" asserts="3">
      <failure>
        <message><![CDATA[One or more child tests had errors]]></message>
      </failure>
      <test-suite type="TestSuite" id="0-1010" name="FSharp" fullname="Irc.FSharp" runstate="Runnable" testcasecount="5" result="Failed" site="Child" start-time="2017-05-06 15:20:06Z" end-time="2017-05-06 15:20:06Z" duration="0.107965" total="5" passed="3" failed="2" warnings="0" inconclusive="0" skipped="0" asserts="3">
        <failure>
          <message><![CDATA[One or more child tests had errors]]></message>
        </failure>
        <test-suite type="TestFixture" id="0-1000" name="TestsModule+IRC message parsing tests" fullname="Irc.FSharp.TestsModule+IRC message parsing tests" classname="Irc.FSharp.TestsModule+IRC message parsing tests" runstate="Runnable" testcasecount="2" result="Failed" site="Child" start-time="2017-05-06 15:20:06Z" end-time="2017-05-06 15:20:06Z" duration="0.064799" total="2" passed="0" failed="2" warnings="0" inconclusive="0" skipped="0" asserts="0">
          <failure>
            <message><![CDATA[One or more child tests had errors]]></message>
          </failure>
          <test-case id="0-1001" name="Can construct a PRIVMSG with the IrcMessage union type" fullname="Irc.FSharp.TestsModule+IRC message parsing tests.Can construct a PRIVMSG with the IrcMessage union type" methodname="Can construct a PRIVMSG with the IrcMessage union type" classname="Irc.FSharp.TestsModule+IRC message parsing tests" runstate="Runnable" seed="1114206950" result="Failed" label="Error" start-time="2017-05-06 15:20:06Z" end-time="2017-05-06 15:20:06Z" duration="0.049870" asserts="0">
            <failure>
              <message><![CDATA[System.IO.FileLoadException : Could not load file or assembly 'FSharp.Core, Version=4.3.0.0, Culture=neutral, PublicKeyToken=b03f5f7f11d50a3a' or one of its dependencies. The located assembly's manifest definition does not match the assembly reference. (Exception from HRESULT: 0x80131040)]]></message>
              <stack-trace><![CDATA[   at Irc.FSharp.IrcMessageModule.IrcMessage-get_Parse-Static@33.Invoke(String x)
   at Irc.FSharp.TestsModule.IRC message parsing tests.Can construct a PRIVMSG with the IrcMessage union type() in C:\workspace\msil\irc.fsharp\tests\Irc.FSharp.Tests\parserTests.fs:line 46]]></stack-trace>
            </failure>
          </test-case>
          <test-case id="0-1002" name="Can construct a PRIVMSG with the privmsg function" fullname="Irc.FSharp.TestsModule+IRC message parsing tests.Can construct a PRIVMSG with the privmsg function" methodname="Can construct a PRIVMSG with the privmsg function" classname="Irc.FSharp.TestsModule+IRC message parsing tests" runstate="Runnable" seed="496589392" result="Failed" label="Error" start-time="2017-05-06 15:20:06Z" end-time="2017-05-06 15:20:06Z" duration="0.004754" asserts="0">
            <failure>
              <message><![CDATA[System.IO.FileLoadException : Could not load file or assembly 'FSharp.Core, Version=4.3.0.0, Culture=neutral, PublicKeyToken=b03f5f7f11d50a3a' or one of its dependencies. The located assembly's manifest definition does not match the assembly reference. (Exception from HRESULT: 0x80131040)]]></message>
              <stack-trace><![CDATA[   at Irc.FSharp.IrcMessageModule.IrcMessage-get_Parse-Static@33.Invoke(String x)
   at Irc.FSharp.TestsModule.IRC message parsing tests.Can construct a PRIVMSG with the privmsg function() in C:\workspace\msil\irc.fsharp\tests\Irc.FSharp.Tests\parserTests.fs:line 54]]></stack-trace>
            </failure>
          </test-case>
        </test-suite>
        <test-suite type="TestFixture" id="0-1003" name="TestsModule+IRC message pattern matching tests" fullname="Irc.FSharp.TestsModule+IRC message pattern matching tests" classname="Irc.FSharp.TestsModule+IRC message pattern matching tests" runstate="Runnable" testcasecount="3" result="Passed" start-time="2017-05-06 15:20:06Z" end-time="2017-05-06 15:20:06Z" duration="0.028593" total="3" passed="3" failed="0" warnings="0" inconclusive="0" skipped="0" asserts="3">
          <test-case id="0-1006" name="Can match a hostmask pattern" fullname="Irc.FSharp.TestsModule+IRC message pattern matching tests.Can match a hostmask pattern" methodname="Can match a hostmask pattern" classname="Irc.FSharp.TestsModule+IRC message pattern matching tests" runstate="Runnable" seed="847267324" result="Passed" start-time="2017-05-06 15:20:06Z" end-time="2017-05-06 15:20:06Z" duration="0.018689" asserts="1" />
          <test-case id="0-1004" name="Can match a nickname pattern" fullname="Irc.FSharp.TestsModule+IRC message pattern matching tests.Can match a nickname pattern" methodname="Can match a nickname pattern" classname="Irc.FSharp.TestsModule+IRC message pattern matching tests" runstate="Runnable" seed="160458373" result="Passed" start-time="2017-05-06 15:20:06Z" end-time="2017-05-06 15:20:06Z" duration="0.000533" asserts="1" />
          <test-case id="0-1005" name="Can match a username pattern" fullname="Irc.FSharp.TestsModule+IRC message pattern matching tests.Can match a username pattern" methodname="Can match a username pattern" classname="Irc.FSharp.TestsModule+IRC message pattern matching tests" runstate="Runnable" seed="765980192" result="Passed" start-time="2017-05-06 15:20:06Z" end-time="2017-05-06 15:20:06Z" duration="0.000670" asserts="1" />
        </test-suite>
      </test-suite>
    </test-suite>
  </test-suite>
</test-run>